<?xml version="1.0" encoding="UTF-8"?>
<!-- Generated by org.testng.reporters.JUnitReportReporter -->
<testsuite hostname="DESKTOP-BTLKNVR" failures="0" tests="1" name="OrgnisationModule.CreateOrgnizationTest" time="88.894" errors="0" timestamp="2022-11-23T15:43:06 IST" skipped="0">
  <testcase classname="OrgnisationModule.CreateOrgnizationTest" name="createOrgnizationWithOrgName" time="88.894"/>
  <system-out>
    <![CDATA[createOrgnizationWithOrgName....TestScript Exiecution Started
createOrgnizationWithOrgName...>script executed successfullly]]>
  </system-out>
</testsuite> <!-- OrgnisationModule.CreateOrgnizationTest -->
